#
# There is insufficient memory for the Java Runtime Environment to continue.
# Native memory allocation (malloc) failed to allocate 131088 bytes for Chunk::new
# Possible reasons:
#   The system is out of physical RAM or swap space
#   The process is running with CompressedOops enabled, and the Java Heap may be blocking the growth of the native heap
# Possible solutions:
#   Reduce memory load on the system
#   Increase physical memory or swap space
#   Check if swap backing store is full
#   Decrease Java heap size (-Xmx/-Xms)
#   Decrease number of Java threads
#   Decrease Java thread stack sizes (-Xss)
#   Set larger code cache with -XX:ReservedCodeCacheSize=
#   JVM is running with Unscaled Compressed Oops mode in which the Java heap is
#     placed in the first 4GB address space. The Java Heap base address is the
#     maximum limit for the native heap growth. Please use -XX:HeapBaseMinAddress
#     to set the Java Heap base and to place the Java Heap above 4GB virtual address.
# This output file may be truncated or incomplete.
#
#  Out of Memory Error (allocation.cpp:390), pid=20948, tid=0x0000000000001ab4
#
# JRE version: Java(TM) SE Runtime Environment (8.0_201-b09) (build 1.8.0_201-b09)
# Java VM: Java HotSpot(TM) 64-Bit Server VM (25.201-b09 mixed mode windows-amd64 compressed oops)
# Failed to write core dump. Minidumps are not enabled by default on client versions of Windows
#

---------------  T H R E A D  ---------------

Current thread (0x0000000017e7f000):  JavaThread "C2 CompilerThread0" daemon [_thread_in_native, id=6836, stack(0x00000000193d0000,0x00000000194d0000)]

Stack: [0x00000000193d0000,0x00000000194d0000]
[error occurred during error reporting (printing stack bounds), id 0xc0000005]

Native frames: (J=compiled Java code, j=interpreted, Vv=VM code, C=native code)


Current CompileTask:
C2:   1076  680       4       sun.font.TrueTypeFont::initAllNames (177 bytes)


---------------  P R O C E S S  ---------------

Java Threads: ( => current thread )
  0x000000000335d800 JavaThread "DestroyJavaVM" [_thread_blocked, id=15376, stack(0x0000000002fb0000,0x00000000030b0000)]
  0x000000001a305000 JavaThread "AWT-EventQueue-0" [_thread_in_native, id=6308, stack(0x000000001b290000,0x000000001b390000)]
  0x0000000019ac5800 JavaThread "AWT-Windows" daemon [_thread_in_native, id=19724, stack(0x000000001a0d0000,0x000000001a1d0000)]
  0x0000000019ac3000 JavaThread "AWT-Shutdown" [_thread_blocked, id=16160, stack(0x0000000019fd0000,0x000000001a0d0000)]
  0x0000000019ac1800 JavaThread "Java2D Disposer" daemon [_thread_blocked, id=9232, stack(0x0000000019ed0000,0x0000000019fd0000)]
  0x0000000019708800 JavaThread "Service Thread" daemon [_thread_blocked, id=7444, stack(0x0000000019ad0000,0x0000000019bd0000)]
  0x0000000017e95000 JavaThread "C1 CompilerThread2" daemon [_thread_blocked, id=21272, stack(0x00000000195d0000,0x00000000196d0000)]
  0x0000000017e8b000 JavaThread "C2 CompilerThread1" daemon [_thread_in_native, id=17896, stack(0x00000000194d0000,0x00000000195d0000)]
=>0x0000000017e7f000 JavaThread "C2 CompilerThread0" daemon [_thread_in_native, id=6836, stack(0x00000000193d0000,0x00000000194d0000)]
  0x0000000017e7c000 JavaThread "Attach Listener" daemon [_thread_blocked, id=12504, stack(0x00000000192d0000,0x00000000193d0000)]
  0x0000000017e7a800 JavaThread "Signal Dispatcher" daemon [_thread_blocked, id=7312, stack(0x00000000191d0000,0x00000000192d0000)]
  0x000000000325b000 JavaThread "Finalizer" daemon [_thread_blocked, id=6496, stack(0x00000000190d0000,0x00000000191d0000)]
  0x0000000003250000 JavaThread "Reference Handler" daemon [_thread_blocked, id=6780, stack(0x0000000018fd0000,0x00000000190d0000)]

Other Threads:
  0x0000000017e48000 VMThread [stack: 0x0000000018ed0000,0x0000000018fd0000] [id=7200]
  0x0000000019721000 WatcherThread [stack: 0x0000000019bd0000,0x0000000019cd0000] [id=7072]

VM state:not at safepoint (normal execution)

VM Mutex/Monitor currently owned by a thread: None

heap address: 0x0000000081e00000, size: 2018 MB, Compressed Oops mode: 32-bit
Narrow klass base: 0x0000000000000000, Narrow klass shift: 3
Compressed class space size: 1073741824 Address: 0x0000000100000000

Heap:
 PSYoungGen      total 38400K, used 19503K [0x00000000d5f80000, 0x00000000d8a00000, 0x0000000100000000)
  eden space 33280K, 58% used [0x00000000d5f80000,0x00000000d728be20,0x00000000d8000000)
  from space 5120K, 0% used [0x00000000d8500000,0x00000000d8500000,0x00000000d8a00000)
  to   space 5120K, 0% used [0x00000000d8000000,0x00000000d8000000,0x00000000d8500000)
 ParOldGen       total 87552K, used 0K [0x0000000081e00000, 0x0000000087380000, 0x00000000d5f80000)
  object space 87552K, 0% used [0x0000000081e00000,0x0000000081e00000,0x0000000087380000)
 Metaspace       used 10001K, capacity 10224K, committed 10368K, reserved 1058816K
  class space    used 1264K, capacity 1361K, committed 1408K, reserved 1048576K

Card table byte_map: [0x0000000012720000,0x0000000012b20000] byte_map_base: 0x0000000012311000

Marking Bits: (ParMarkBitMap*) 0x00000000604b4ce0
 Begin Bits: [0x00000000131d0000, 0x0000000015158000)
 End Bits:   [0x0000000015158000, 0x00000000170e0000)

Polling page: 0x0000000001160000

CodeCache: size=245760Kb used=2801Kb max_used=2803Kb free=242958Kb
 bounds [0x0000000003360000, 0x0000000003620000, 0x0000000012360000]
 total_blobs=1142 nmethods=687 adapters=368
 compilation: enabled

Compilation events (10 events):
Event: 0.861 Thread 0x0000000017e7f000  676   !   4       sun.nio.cs.UnicodeDecoder::decodeLoop (326 bytes)
Event: 0.861 Thread 0x0000000017e8b000 nmethod 671 0x000000000361cc10 code [0x000000000361cd80, 0x000000000361d4e8]
Event: 0.861 Thread 0x0000000017e8b000  677   !   4       sun.font.TrueTypeFont::getTableBuffer (199 bytes)
Event: 0.862 Thread 0x0000000017e95000 nmethod 674 0x0000000003617750 code [0x0000000003617920, 0x0000000003618098]
Event: 0.872 Thread 0x0000000017e7f000 nmethod 676 0x000000000361f450 code [0x000000000361f5c0, 0x000000000361fad8]
Event: 0.872 Thread 0x0000000017e7f000  678       4       java.lang.CharacterData::of (120 bytes)
Event: 0.873 Thread 0x0000000017e7f000 nmethod 678 0x000000000361f090 code [0x000000000361f2a0, 0x000000000361f358]
Event: 0.880 Thread 0x0000000017e7f000  679       4       java.util.HashMap$HashIterator::nextNode (100 bytes)
Event: 0.885 Thread 0x0000000017e7f000 nmethod 679 0x000000000361a110 code [0x000000000361a260, 0x000000000361a458]
Event: 0.905 Thread 0x0000000017e7f000  680       4       sun.font.TrueTypeFont::initAllNames (177 bytes)

GC Heap History (0 events):
No events

Deoptimization events (8 events):
Event: 0.794 Thread 0x000000001a305000 Uncommon trap: reason=class_check action=maybe_recompile pc=0x0000000003558e18 method=java.util.HashMap.putVal(ILjava/lang/Object;Ljava/lang/Object;ZZ)Ljava/lang/Object; @ 203
Event: 0.794 Thread 0x000000001a305000 Uncommon trap: reason=class_check action=maybe_recompile pc=0x0000000003558e18 method=java.util.HashMap.putVal(ILjava/lang/Object;Ljava/lang/Object;ZZ)Ljava/lang/Object; @ 203
Event: 0.794 Thread 0x000000001a305000 Uncommon trap: reason=class_check action=maybe_recompile pc=0x0000000003558e18 method=java.util.HashMap.putVal(ILjava/lang/Object;Ljava/lang/Object;ZZ)Ljava/lang/Object; @ 203
Event: 0.794 Thread 0x000000001a305000 Uncommon trap: reason=class_check action=maybe_recompile pc=0x0000000003558e18 method=java.util.HashMap.putVal(ILjava/lang/Object;Ljava/lang/Object;ZZ)Ljava/lang/Object; @ 203
Event: 0.816 Thread 0x000000001a305000 Uncommon trap: reason=unstable_if action=reinterpret pc=0x00000000035fb034 method=java.lang.Character.isSurrogate(C)Z @ 3
Event: 0.816 Thread 0x000000001a305000 Uncommon trap: reason=unstable_if action=reinterpret pc=0x0000000003551018 method=java.lang.String.toLowerCase(Ljava/util/Locale;)Ljava/lang/String; @ 37
Event: 0.816 Thread 0x000000001a305000 Uncommon trap: reason=unstable_if action=reinterpret pc=0x000000000354b880 method=java.lang.CharacterData.of(I)Ljava/lang/CharacterData; @ 4
Event: 0.848 Thread 0x000000001a305000 Uncommon trap: reason=unstable_if action=reinterpret pc=0x000000000360ee08 method=java.util.HashMap.putVal(ILjava/lang/Object;Ljava/lang/Object;ZZ)Ljava/lang/Object; @ 162

Classes redefined (0 events):
No events

Internal exceptions (10 events):
Event: 0.120 Thread 0x000000000335d800 Exception <a 'java/security/PrivilegedActionException'> (0x00000000d6000ad0) thrown at [C:\re\workspace\8-2-build-windows-amd64-cygwin\jdk8u201\12322\hotspot\src\share\vm\prims\jvm.cpp, line 1502]
Event: 0.120 Thread 0x000000000335d800 Exception <a 'java/security/PrivilegedActionException'> (0x00000000d6000ce0) thrown at [C:\re\workspace\8-2-build-windows-amd64-cygwin\jdk8u201\12322\hotspot\src\share\vm\prims\jvm.cpp, line 1502]
Event: 0.120 Thread 0x000000000335d800 Exception <a 'java/security/PrivilegedActionException'> (0x00000000d6004950) thrown at [C:\re\workspace\8-2-build-windows-amd64-cygwin\jdk8u201\12322\hotspot\src\share\vm\prims\jvm.cpp, line 1502]
Event: 0.120 Thread 0x000000000335d800 Exception <a 'java/security/PrivilegedActionException'> (0x00000000d6004b60) thrown at [C:\re\workspace\8-2-build-windows-amd64-cygwin\jdk8u201\12322\hotspot\src\share\vm\prims\jvm.cpp, line 1502]
Event: 0.129 Thread 0x000000000335d800 Exception <a 'java/io/FileNotFoundException'> (0x00000000d600aee0) thrown at [C:\re\workspace\8-2-build-windows-amd64-cygwin\jdk8u201\12322\hotspot\src\share\vm\prims\jni.cpp, line 709]
Event: 0.170 Thread 0x000000000335d800 Exception <a 'java/lang/NoSuchFieldError': method resolution failed> (0x00000000d6181e48) thrown at [C:\re\workspace\8-2-build-windows-amd64-cygwin\jdk8u201\12322\hotspot\src\share\vm\prims\methodHandles.cpp, line 1167]
Event: 0.171 Thread 0x000000000335d800 Exception <a 'java/lang/NoSuchFieldError': method resolution failed> (0x00000000d618f218) thrown at [C:\re\workspace\8-2-build-windows-amd64-cygwin\jdk8u201\12322\hotspot\src\share\vm\prims\methodHandles.cpp, line 1167]
Event: 0.222 Thread 0x000000000335d800 Exception <a 'java/io/FileNotFoundException'> (0x00000000d6227bc0) thrown at [C:\re\workspace\8-2-build-windows-amd64-cygwin\jdk8u201\12322\hotspot\src\share\vm\prims\jni.cpp, line 709]
Event: 0.526 Thread 0x000000001a305000 Exception <a 'java/io/FileNotFoundException'> (0x00000000d66ec450) thrown at [C:\re\workspace\8-2-build-windows-amd64-cygwin\jdk8u201\12322\hotspot\src\share\vm\prims\jni.cpp, line 709]
Event: 0.536 Thread 0x000000001a305000 Exception <a 'java/io/FileNotFoundException'> (0x00000000d67221a0) thrown at [C:\re\workspace\8-2-build-windows-amd64-cygwin\jdk8u201\12322\hotspot\src\share\vm\prims\jni.cpp, line 709]

Events (10 events):
Event: 0.816 Thread 0x000000001a305000 Uncommon trap: trap_request=0xffffff65 fr.pc=0x000000000354b880
Event: 0.816 Thread 0x000000001a305000 DEOPT PACKING pc=0x000000000354b880 sp=0x000000001b38ba40
Event: 0.816 Thread 0x000000001a305000 DEOPT UNPACKING pc=0x00000000033a583b sp=0x000000001b38b9e0 mode 2
Event: 0.816 loading class java/lang/CharacterData00
Event: 0.817 loading class java/lang/CharacterData00 done
Event: 0.817 Executing VM operation: Deoptimize
Event: 0.817 Executing VM operation: Deoptimize done
Event: 0.848 Thread 0x000000001a305000 Uncommon trap: trap_request=0xffffff65 fr.pc=0x000000000360ee08
Event: 0.848 Thread 0x000000001a305000 DEOPT PACKING pc=0x000000000360ee08 sp=0x000000001b38bba0
Event: 0.848 Thread 0x000000001a305000 DEOPT UNPACKING pc=0x00000000033a583b sp=0x000000001b38bb28 mode 2


Dynamic libraries:
0x00007ff71a980000 - 0x00007ff71a9b7000 	C:\Program Files\Java\jre1.8.0_201\bin\javaw.exe
0x00007ffccbe40000 - 0x00007ffccc021000 	C:\WINDOWS\SYSTEM32\ntdll.dll
0x00007ffcc9730000 - 0x00007ffcc97e1000 	C:\WINDOWS\System32\KERNEL32.DLL
0x00007ffcc8a90000 - 0x00007ffcc8d03000 	C:\WINDOWS\System32\KERNELBASE.dll
0x00007ffcc92d0000 - 0x00007ffcc9371000 	C:\WINDOWS\System32\ADVAPI32.dll
0x00007ffccb670000 - 0x00007ffccb70e000 	C:\WINDOWS\System32\msvcrt.dll
0x00007ffcc97f0000 - 0x00007ffcc984b000 	C:\WINDOWS\System32\sechost.dll
0x00007ffcc99b0000 - 0x00007ffcc9ad4000 	C:\WINDOWS\System32\RPCRT4.dll
0x00007ffcc9530000 - 0x00007ffcc96c0000 	C:\WINDOWS\System32\USER32.dll
0x00007ffcc8a70000 - 0x00007ffcc8a90000 	C:\WINDOWS\System32\win32u.dll
0x00007ffcc9390000 - 0x00007ffcc93b8000 	C:\WINDOWS\System32\GDI32.dll
0x00007ffcc8db0000 - 0x00007ffcc8f41000 	C:\WINDOWS\System32\gdi32full.dll
0x00007ffcc8d10000 - 0x00007ffcc8daf000 	C:\WINDOWS\System32\msvcp_win.dll
0x00007ffcc8970000 - 0x00007ffcc8a68000 	C:\WINDOWS\System32\ucrtbase.dll
0x00007ffcbc900000 - 0x00007ffcbcb69000 	C:\WINDOWS\WinSxS\amd64_microsoft.windows.common-controls_6595b64144ccf1df_6.0.17134.885_none_fb42a3473065565f\COMCTL32.dll
0x00007ffcc9d60000 - 0x00007ffcca082000 	C:\WINDOWS\System32\combase.dll
0x00007ffcc9000000 - 0x00007ffcc9079000 	C:\WINDOWS\System32\bcryptPrimitives.dll
0x00007ffcc9920000 - 0x00007ffcc994d000 	C:\WINDOWS\System32\IMM32.DLL
0x000000005fad0000 - 0x000000005fba1000 	C:\Program Files\Java\jre1.8.0_201\bin\msvcr100.dll
0x000000005fc90000 - 0x0000000060534000 	C:\Program Files\Java\jre1.8.0_201\bin\server\jvm.dll
0x00007ffcc93c0000 - 0x00007ffcc93c8000 	C:\WINDOWS\System32\PSAPI.DLL
0x00007ffcc44c0000 - 0x00007ffcc44c9000 	C:\WINDOWS\SYSTEM32\WSOCK32.dll
0x00007ffcc48f0000 - 0x00007ffcc48fa000 	C:\WINDOWS\SYSTEM32\VERSION.dll
0x00007ffcbb5a0000 - 0x00007ffcbb5c3000 	C:\WINDOWS\SYSTEM32\WINMM.dll
0x00007ffcc96c0000 - 0x00007ffcc972c000 	C:\WINDOWS\System32\WS2_32.dll
0x00007ffcbb510000 - 0x00007ffcbb53a000 	C:\WINDOWS\SYSTEM32\winmmbase.dll
0x00007ffcc8210000 - 0x00007ffcc8259000 	C:\WINDOWS\System32\cfgmgr32.dll
0x00007ffcc4350000 - 0x00007ffcc435f000 	C:\Program Files\Java\jre1.8.0_201\bin\verify.dll
0x00007ffcbf710000 - 0x00007ffcbf739000 	C:\Program Files\Java\jre1.8.0_201\bin\java.dll
0x00007ffcc3bb0000 - 0x00007ffcc3bc6000 	C:\Program Files\Java\jre1.8.0_201\bin\zip.dll
0x00007ffcca090000 - 0x00007ffccb4d0000 	C:\WINDOWS\System32\SHELL32.dll
0x00007ffccb5c0000 - 0x00007ffccb669000 	C:\WINDOWS\System32\shcore.dll
0x00007ffcc8260000 - 0x00007ffcc896d000 	C:\WINDOWS\System32\windows.storage.dll
0x00007ffcc9950000 - 0x00007ffcc99a1000 	C:\WINDOWS\System32\shlwapi.dll
0x00007ffcc81c0000 - 0x00007ffcc81d1000 	C:\WINDOWS\System32\kernel.appcore.dll
0x00007ffcc81a0000 - 0x00007ffcc81bf000 	C:\WINDOWS\System32\profapi.dll
0x00007ffcc8150000 - 0x00007ffcc819c000 	C:\WINDOWS\System32\powrprof.dll
0x00007ffcc81e0000 - 0x00007ffcc81ea000 	C:\WINDOWS\System32\FLTLIB.DLL
0x00007ffc98320000 - 0x00007ffc984b9000 	C:\Program Files\Java\jre1.8.0_201\bin\awt.dll
0x00007ffcc9850000 - 0x00007ffcc9912000 	C:\WINDOWS\System32\OLEAUT32.dll
0x00007ffcc6120000 - 0x00007ffcc61ab000 	C:\WINDOWS\SYSTEM32\apphelp.dll
0x00007ffcc6630000 - 0x00007ffcc6659000 	C:\WINDOWS\system32\DWMAPI.DLL
0x00007ffcc62b0000 - 0x00007ffcc6348000 	C:\WINDOWS\system32\uxtheme.dll
0x00007ffcb0020000 - 0x00007ffcb0140000 	C:\WINDOWS\system32\opengl32.dll
0x00007ffcb5960000 - 0x00007ffcb598c000 	C:\WINDOWS\SYSTEM32\GLU32.dll
0x00007ffcc9be0000 - 0x00007ffcc9d53000 	C:\WINDOWS\System32\MSCTF.dll
0x00007ffcc93d0000 - 0x00007ffcc9521000 	C:\WINDOWS\System32\ole32.dll
0x00007ffcbc790000 - 0x00007ffcbc7d7000 	C:\Program Files\Java\jre1.8.0_201\bin\fontmanager.dll
0x00007ffcbf7b0000 - 0x00007ffcbf7ca000 	C:\Program Files\Java\jre1.8.0_201\bin\net.dll
0x00007ffcc1d00000 - 0x00007ffcc1ec9000 	C:\WINDOWS\SYSTEM32\urlmon.dll
0x00007ffcbf090000 - 0x00007ffcbf336000 	C:\WINDOWS\SYSTEM32\iertutil.dll
0x00007ffcc7b40000 - 0x00007ffcc7b4b000 	C:\WINDOWS\SYSTEM32\CRYPTBASE.DLL
0x00007ffcc7970000 - 0x00007ffcc79d6000 	C:\WINDOWS\system32\mswsock.dll
0x00007ffcbf590000 - 0x00007ffcbf5a1000 	C:\Program Files\Java\jre1.8.0_201\bin\nio.dll
0x00007ffccb780000 - 0x00007ffccb820000 	C:\WINDOWS\System32\clbcatq.dll
0x00007ffcb4ff0000 - 0x00007ffcb519e000 	C:\WINDOWS\SYSTEM32\WindowsCodecs.dll
0x00007ffca5800000 - 0x00007ffca5858000 	C:\WINDOWS\system32\dataexchange.dll
0x00007ffcc5d80000 - 0x00007ffcc5f1c000 	C:\WINDOWS\system32\dcomp.dll
0x00007ffcc52d0000 - 0x00007ffcc55db000 	C:\WINDOWS\system32\d3d11.dll
0x00007ffcc6c50000 - 0x00007ffcc6d0b000 	C:\WINDOWS\system32\dxgi.dll
0x00007ffcc6690000 - 0x00007ffcc6848000 	C:\WINDOWS\system32\twinapi.appcore.dll
0x00007ffcc6660000 - 0x00007ffcc6681000 	C:\WINDOWS\system32\RMCLIENT.dll
0x00007ffcbc740000 - 0x00007ffcbc782000 	C:\Program Files\Java\jre1.8.0_201\bin\t2k.dll
0x00007ffcb5680000 - 0x00007ffcb5716000 	C:\WINDOWS\System32\TextInputFramework.dll
0x00007ffcb4cd0000 - 0x00007ffcb4fee000 	C:\WINDOWS\System32\CoreUIComponents.dll
0x00007ffcc6010000 - 0x00007ffcc60ea000 	C:\WINDOWS\System32\CoreMessaging.dll
0x00007ffcc4520000 - 0x00007ffcc466d000 	C:\WINDOWS\SYSTEM32\wintypes.dll
0x00007ffcc7220000 - 0x00007ffcc7251000 	C:\WINDOWS\SYSTEM32\ntmarta.dll

VM Arguments:
jvm_args: -Dfile.encoding=Cp1252 
java_command: Calculator
java_class_path (initial): F:\SOFTWARE\eclipse\Calculator\bin
Launcher Type: SUN_STANDARD

Environment Variables:
JAVA_HOME=C:\Program Files\Java\jre1.8.0_201\bin
PATH=C:/Program Files/Java/jre1.8.0_201/bin/server;C:/Program Files/Java/jre1.8.0_201/bin;C:/Program Files/Java/jre1.8.0_201/lib/amd64;C:\Program Files (x86)\Common Files\Oracle\Java\javapath;C:\Windows\system32;C:\Windows;C:\Windows\System32\Wbem;C:\Windows\System32\WindowsPowerShell\v1.0\;C:\Program Files (x86)\NVIDIA Corporation\PhysX\Common;C:\Program Files (x86)\GtkSharp\2.12\bin;C:\WINDOWS\system32;C:\WINDOWS;C:\WINDOWS\System32\Wbem;C:\WINDOWS\System32\WindowsPowerShell\v1.0\;C:\WINDOWS\System32\OpenSSH\;F:\SOFTWARE\Microsoft VS Code\bin;F:\SOFTWARE\Microsoft VS Code\Git\cmd;C:\Python27;C:\Program Files\Java\jdk1.8.0_201\bin;C:\Program Files\Java\jdk1.8.0_201\bin;C:\Program Files\MySQL\MySQL Shell 8.0\bin\;F:\SOFTWARE\eclipse;
USERNAME=lenovo
OS=Windows_NT
PROCESSOR_IDENTIFIER=Intel64 Family 6 Model 142 Stepping 9, GenuineIntel



---------------  S Y S T E M  ---------------

OS: Windows 10.0 , 64 bit Build 17134 (10.0.17134.753)

CPU:total 4 (initial active 4) (2 cores per cpu, 2 threads per core) family 6 model 142 stepping 9, cmov, cx8, fxsr, mmx, sse, sse2, sse3, ssse3, sse4.1, sse4.2, popcnt, avx, avx2, aes, clmul, erms, 3dnowpref, lzcnt, ht, tsc, tscinvbit, bmi1, bmi2, adx

Memory: 4k page, physical 8260324k(2531888k free), swap 27281828k(1260k free)

vm_info: Java HotSpot(TM) 64-Bit Server VM (25.201-b09) for windows-amd64 JRE (1.8.0_201-b09), built on Dec 15 2018 18:36:39 by "java_re" with MS VC++ 10.0 (VS2010)

time: Fri Jul 19 18:54:08 2019
timezone: India Standard Time
elapsed time: 1 seconds (0d 0h 0m 1s)

