#
# There is insufficient memory for the Java Runtime Environment to continue.
# Native memory allocation (malloc) failed to allocate 32744 bytes for ChunkPool::allocate
# Possible reasons:
#   The system is out of physical RAM or swap space
#   The process is running with CompressedOops enabled, and the Java Heap may be blocking the growth of the native heap
# Possible solutions:
#   Reduce memory load on the system
#   Increase physical memory or swap space
#   Check if swap backing store is full
#   Decrease Java heap size (-Xmx/-Xms)
#   Decrease number of Java threads
#   Decrease Java thread stack sizes (-Xss)
#   Set larger code cache with -XX:ReservedCodeCacheSize=
#   JVM is running with Unscaled Compressed Oops mode in which the Java heap is
#     placed in the first 4GB address space. The Java Heap base address is the
#     maximum limit for the native heap growth. Please use -XX:HeapBaseMinAddress
#     to set the Java Heap base and to place the Java Heap above 4GB virtual address.
# This output file may be truncated or incomplete.
#
#  Out of Memory Error (allocation.cpp:273), pid=5764, tid=0x0000000000002f70
#
# JRE version: Java(TM) SE Runtime Environment (8.0_201-b09) (build 1.8.0_201-b09)
# Java VM: Java HotSpot(TM) 64-Bit Server VM (25.201-b09 mixed mode windows-amd64 compressed oops)
# Failed to write core dump. Minidumps are not enabled by default on client versions of Windows
#

---------------  T H R E A D  ---------------

Current thread (0x0000000002cfd800):  JavaThread "main" [_thread_in_vm, id=12144, stack(0x0000000002d00000,0x0000000002e00000)]

Stack: [0x0000000002d00000,0x0000000002e00000]
[error occurred during error reporting (printing stack bounds), id 0xc0000005]

Native frames: (J=compiled Java code, j=interpreted, Vv=VM code, C=native code)

Java frames: (J=compiled Java code, j=interpreted, Vv=VM code)
j  sun.misc.Unsafe.defineAnonymousClass(Ljava/lang/Class;[B[Ljava/lang/Object;)Ljava/lang/Class;+0
j  java.lang.invoke.InvokerBytecodeGenerator.loadAndInitializeInvokerClass([B[Ljava/lang/Object;)Ljava/lang/Class;+8
j  java.lang.invoke.InvokerBytecodeGenerator.loadMethod([B)Ljava/lang/invoke/MemberName;+6
j  java.lang.invoke.InvokerBytecodeGenerator.generateCustomizedCode(Ljava/lang/invoke/LambdaForm;Ljava/lang/invoke/MethodType;)Ljava/lang/invoke/MemberName;+17
j  java.lang.invoke.LambdaForm.compileToBytecode()Ljava/lang/invoke/MemberName;+65
j  java.lang.invoke.DirectMethodHandle.makePreparedLambdaForm(Ljava/lang/invoke/MethodType;I)Ljava/lang/invoke/LambdaForm;+713
j  java.lang.invoke.DirectMethodHandle.preparedLambdaForm(Ljava/lang/invoke/MethodType;I)Ljava/lang/invoke/LambdaForm;+17
j  java.lang.invoke.DirectMethodHandle.preparedLambdaForm(Ljava/lang/invoke/MemberName;)Ljava/lang/invoke/LambdaForm;+151
j  java.lang.invoke.DirectMethodHandle.make(BLjava/lang/Class;Ljava/lang/invoke/MemberName;)Ljava/lang/invoke/DirectMethodHandle;+137
j  java.lang.invoke.MethodHandles$Lookup.getDirectMethodCommon(BLjava/lang/Class;Ljava/lang/invoke/MemberName;ZZLjava/lang/Class;)Ljava/lang/invoke/MethodHandle;+201
j  java.lang.invoke.MethodHandles$Lookup.getDirectMethod(BLjava/lang/Class;Ljava/lang/invoke/MemberName;Ljava/lang/Class;)Ljava/lang/invoke/MethodHandle;+8
j  java.lang.invoke.MethodHandles$Lookup.findStatic(Ljava/lang/Class;Ljava/lang/String;Ljava/lang/invoke/MethodType;)Ljava/lang/invoke/MethodHandle;+23
j  java.lang.invoke.MethodHandleImpl.findCollector(Ljava/lang/String;ILjava/lang/Class;[Ljava/lang/Class;)Ljava/lang/invoke/MethodHandle;+23
j  java.lang.invoke.MethodHandleImpl.makeFillArrays()[Ljava/lang/invoke/MethodHandle;+36
j  java.lang.invoke.MethodHandleImpl.access$100()[Ljava/lang/invoke/MethodHandle;+0
j  java.lang.invoke.MethodHandleImpl$Lazy.<clinit>()V+11
v  ~StubRoutines::call_stub
j  java.lang.invoke.MethodHandleImpl.varargsArray(I)Ljava/lang/invoke/MethodHandle;+0
j  java.lang.invoke.MethodHandleImpl.varargsArray(Ljava/lang/Class;I)Ljava/lang/invoke/MethodHandle;+121
j  java.lang.invoke.MethodHandle.asCollector(Ljava/lang/Class;I)Ljava/lang/invoke/MethodHandle;+36
j  java.lang.invoke.MethodHandleImpl$AsVarargsCollector.<init>(Ljava/lang/invoke/MethodType;Ljava/lang/invoke/MethodHandle;Ljava/lang/Class;)V+20
j  java.lang.invoke.MethodHandleImpl$AsVarargsCollector.<init>(Ljava/lang/invoke/MethodHandle;Ljava/lang/Class;)V+7
j  java.lang.invoke.MethodHandleImpl.makeVarargsCollector(Ljava/lang/invoke/MethodHandle;Ljava/lang/Class;)Ljava/lang/invoke/MethodHandle;+43
j  java.lang.invoke.MethodHandle.setVarargs(Ljava/lang/invoke/MemberName;)Ljava/lang/invoke/MethodHandle;+26
j  java.lang.invoke.MethodHandles$Lookup.getDirectMethodCommon(BLjava/lang/Class;Ljava/lang/invoke/MemberName;ZZLjava/lang/Class;)Ljava/lang/invoke/MethodHandle;+263
j  java.lang.invoke.MethodHandles$Lookup.getDirectMethod(BLjava/lang/Class;Ljava/lang/invoke/MemberName;Ljava/lang/Class;)Ljava/lang/invoke/MethodHandle;+8
j  java.lang.invoke.MethodHandles$Lookup.findStatic(Ljava/lang/Class;Ljava/lang/String;Ljava/lang/invoke/MethodType;)Ljava/lang/invoke/MethodHandle;+23
j  java.lang.invoke.CallSite.<clinit>()V+35
v  ~StubRoutines::call_stub
j  java.lang.invoke.MethodHandleNatives.linkCallSiteImpl(Ljava/lang/Class;Ljava/lang/invoke/MethodHandle;Ljava/lang/String;Ljava/lang/invoke/MethodType;Ljava/lang/Object;[Ljava/lang/Object;)Ljava/lang/invoke/MemberName;+6
j  java.lang.invoke.MethodHandleNatives.linkCallSite(Ljava/lang/Object;Ljava/lang/Object;Ljava/lang/Object;Ljava/lang/Object;Ljava/lang/Object;[Ljava/lang/Object;)Ljava/lang/invoke/MemberName;+45
v  ~StubRoutines::call_stub
j  java.awt.GraphicsEnvironment.getHeadlessProperty()Z+6
j  java.awt.GraphicsEnvironment.isHeadless()Z+0
j  java.awt.Toolkit.<clinit>()V+47
v  ~StubRoutines::call_stub
j  java.awt.Component.<clinit>()V+93
v  ~StubRoutines::call_stub
j  Calculator.<init>()V+5
j  Calculator.main([Ljava/lang/String;)V+4
v  ~StubRoutines::call_stub

---------------  P R O C E S S  ---------------

Java Threads: ( => current thread )
  0x0000000019299000 JavaThread "Service Thread" daemon [_thread_blocked, id=23900, stack(0x0000000019770000,0x0000000019870000)]
  0x0000000017a70000 JavaThread "C1 CompilerThread2" daemon [_thread_in_native, id=7608, stack(0x0000000019670000,0x0000000019770000)]
  0x0000000017a26000 JavaThread "C2 CompilerThread1" daemon [_thread_blocked, id=25176, stack(0x0000000019170000,0x0000000019270000)]
  0x0000000017a1e000 JavaThread "C2 CompilerThread0" daemon [_thread_in_native, id=24876, stack(0x0000000019070000,0x0000000019170000)]
  0x0000000017a1b000 JavaThread "Attach Listener" daemon [_thread_blocked, id=25712, stack(0x0000000018f70000,0x0000000019070000)]
  0x0000000017a19800 JavaThread "Signal Dispatcher" daemon [_thread_blocked, id=13560, stack(0x0000000018e70000,0x0000000018f70000)]
  0x0000000002efb000 JavaThread "Finalizer" daemon [_thread_blocked, id=11000, stack(0x0000000018c80000,0x0000000018d80000)]
  0x0000000002ef0000 JavaThread "Reference Handler" daemon [_thread_blocked, id=5500, stack(0x0000000018b80000,0x0000000018c80000)]
=>0x0000000002cfd800 JavaThread "main" [_thread_in_vm, id=12144, stack(0x0000000002d00000,0x0000000002e00000)]

Other Threads:
  0x00000000179e8000 VMThread [stack: 0x0000000018a80000,0x0000000018b80000] [id=21524]
  0x000000001929b000 WatcherThread [stack: 0x0000000019870000,0x0000000019970000] [id=11932]

VM state:not at safepoint (normal execution)

VM Mutex/Monitor currently owned by a thread: None

heap address: 0x0000000081e00000, size: 2018 MB, Compressed Oops mode: 32-bit
Narrow klass base: 0x0000000000000000, Narrow klass shift: 3
Compressed class space size: 1073741824 Address: 0x0000000100000000

Heap:
 PSYoungGen      total 38400K, used 2662K [0x00000000d5f80000, 0x00000000d8a00000, 0x0000000100000000)
  eden space 33280K, 8% used [0x00000000d5f80000,0x00000000d62199e8,0x00000000d8000000)
  from space 5120K, 0% used [0x00000000d8500000,0x00000000d8500000,0x00000000d8a00000)
  to   space 5120K, 0% used [0x00000000d8000000,0x00000000d8000000,0x00000000d8500000)
 ParOldGen       total 87552K, used 0K [0x0000000081e00000, 0x0000000087380000, 0x00000000d5f80000)
  object space 87552K, 0% used [0x0000000081e00000,0x0000000081e00000,0x0000000087380000)
 Metaspace       used 3991K, capacity 4664K, committed 4864K, reserved 1056768K
  class space    used 461K, capacity 511K, committed 512K, reserved 1048576K

Card table byte_map: [0x00000000122c0000,0x00000000126c0000] byte_map_base: 0x0000000011eb1000

Marking Bits: (ParMarkBitMap*) 0x0000000060014ce0
 Begin Bits: [0x0000000012d70000, 0x0000000014cf8000)
 End Bits:   [0x0000000014cf8000, 0x0000000016c80000)

Polling page: 0x0000000000ed0000

CodeCache: size=245760Kb used=1325Kb max_used=1325Kb free=244434Kb
 bounds [0x0000000002f00000, 0x0000000003170000, 0x0000000011f00000]
 total_blobs=430 nmethods=167 adapters=176
 compilation: enabled

Compilation events (10 events):
Event: 0.234 Thread 0x0000000017a70000  152       3       java.lang.invoke.MethodType::checkPtype (19 bytes)
Event: 0.234 Thread 0x0000000017a70000 nmethod 152 0x00000000030460d0 code [0x0000000003046260, 0x0000000003046638]
Event: 0.234 Thread 0x0000000017a70000  154       3       java.util.Arrays$ArrayList::size (6 bytes)
Event: 0.234 Thread 0x0000000017a70000 nmethod 154 0x00000000030467d0 code [0x0000000003046920, 0x0000000003046a70]
Event: 0.234 Thread 0x0000000017a70000  155       3       java.util.Collections$UnmodifiableCollection$1::hasNext (10 bytes)
Event: 0.235 Thread 0x0000000017a70000 nmethod 155 0x0000000003046b10 code [0x0000000003046c80, 0x0000000003046ea8]
Event: 0.235 Thread 0x0000000017a70000  156       3       java.lang.invoke.InvokerBytecodeGenerator::isStaticallyNameable (116 bytes)
Event: 0.236 Thread 0x0000000017a70000 nmethod 156 0x0000000003047550 code [0x00000000030478c0, 0x0000000003049998]
Event: 0.236 Thread 0x0000000017a70000  163       3       jdk.internal.org.objectweb.asm.Frame::execute (2252 bytes)
Event: 0.244 Thread 0x0000000017a1e000  176       4       jdk.internal.org.objectweb.asm.ByteVector::putUTF8 (142 bytes)

GC Heap History (0 events):
No events

Deoptimization events (0 events):
No events

Classes redefined (0 events):
No events

Internal exceptions (8 events):
Event: 0.065 Thread 0x0000000002cfd800 Exception <a 'java/lang/NoSuchMethodError': Method sun.misc.Unsafe.defineClass(Ljava/lang/String;[BII)Ljava/lang/Class; name or signature does not match> (0x00000000d5f87cb0) thrown at [C:\re\workspace\8-2-build-windows-amd64-cygwin\jdk8u201\12322\hotspot
Event: 0.065 Thread 0x0000000002cfd800 Exception <a 'java/lang/NoSuchMethodError': Method sun.misc.Unsafe.prefetchRead(Ljava/lang/Object;J)V name or signature does not match> (0x00000000d5f87f98) thrown at [C:\re\workspace\8-2-build-windows-amd64-cygwin\jdk8u201\12322\hotspot\src\share\vm\prim
Event: 0.180 Thread 0x0000000002cfd800 Exception <a 'java/security/PrivilegedActionException'> (0x00000000d5fff530) thrown at [C:\re\workspace\8-2-build-windows-amd64-cygwin\jdk8u201\12322\hotspot\src\share\vm\prims\jvm.cpp, line 1502]
Event: 0.180 Thread 0x0000000002cfd800 Exception <a 'java/security/PrivilegedActionException'> (0x00000000d5fff740) thrown at [C:\re\workspace\8-2-build-windows-amd64-cygwin\jdk8u201\12322\hotspot\src\share\vm\prims\jvm.cpp, line 1502]
Event: 0.181 Thread 0x0000000002cfd800 Exception <a 'java/security/PrivilegedActionException'> (0x00000000d60033b0) thrown at [C:\re\workspace\8-2-build-windows-amd64-cygwin\jdk8u201\12322\hotspot\src\share\vm\prims\jvm.cpp, line 1502]
Event: 0.181 Thread 0x0000000002cfd800 Exception <a 'java/security/PrivilegedActionException'> (0x00000000d60035c0) thrown at [C:\re\workspace\8-2-build-windows-amd64-cygwin\jdk8u201\12322\hotspot\src\share\vm\prims\jvm.cpp, line 1502]
Event: 0.192 Thread 0x0000000002cfd800 Exception <a 'java/io/FileNotFoundException'> (0x00000000d6009b98) thrown at [C:\re\workspace\8-2-build-windows-amd64-cygwin\jdk8u201\12322\hotspot\src\share\vm\prims\jni.cpp, line 709]
Event: 0.241 Thread 0x0000000002cfd800 Exception <a 'java/lang/NoSuchFieldError': method resolution failed> (0x00000000d6180b18) thrown at [C:\re\workspace\8-2-build-windows-amd64-cygwin\jdk8u201\12322\hotspot\src\share\vm\prims\methodHandles.cpp, line 1167]

Events (10 events):
Event: 0.222 loading class java/lang/invoke/WrongMethodTypeException
Event: 0.222 loading class java/lang/invoke/WrongMethodTypeException done
Event: 0.226 loading class java/lang/invoke/MethodHandleImpl$Lazy
Event: 0.226 loading class java/lang/invoke/MethodHandleImpl$Lazy done
Event: 0.227 loading class java/lang/invoke/MethodHandleImpl$IntrinsicMethodHandle
Event: 0.227 loading class java/lang/invoke/MethodHandleImpl$IntrinsicMethodHandle done
Event: 0.240 loading class java/lang/NoSuchFieldError
Event: 0.240 loading class java/lang/NoSuchFieldError done
Event: 0.242 loading class java/lang/IllegalAccessException
Event: 0.242 loading class java/lang/IllegalAccessException done


Dynamic libraries:
0x00007ff71a980000 - 0x00007ff71a9b7000 	C:\Program Files\Java\jre1.8.0_201\bin\javaw.exe
0x00007ffccbe40000 - 0x00007ffccc021000 	C:\WINDOWS\SYSTEM32\ntdll.dll
0x00007ffcc9730000 - 0x00007ffcc97e1000 	C:\WINDOWS\System32\KERNEL32.DLL
0x00007ffcc8a90000 - 0x00007ffcc8d03000 	C:\WINDOWS\System32\KERNELBASE.dll
0x00007ffcc92d0000 - 0x00007ffcc9371000 	C:\WINDOWS\System32\ADVAPI32.dll
0x00007ffccb670000 - 0x00007ffccb70e000 	C:\WINDOWS\System32\msvcrt.dll
0x00007ffcc97f0000 - 0x00007ffcc984b000 	C:\WINDOWS\System32\sechost.dll
0x00007ffcc99b0000 - 0x00007ffcc9ad4000 	C:\WINDOWS\System32\RPCRT4.dll
0x00007ffcc9530000 - 0x00007ffcc96c0000 	C:\WINDOWS\System32\USER32.dll
0x00007ffcc8a70000 - 0x00007ffcc8a90000 	C:\WINDOWS\System32\win32u.dll
0x00007ffcc9390000 - 0x00007ffcc93b8000 	C:\WINDOWS\System32\GDI32.dll
0x00007ffcc8db0000 - 0x00007ffcc8f41000 	C:\WINDOWS\System32\gdi32full.dll
0x00007ffcc8d10000 - 0x00007ffcc8daf000 	C:\WINDOWS\System32\msvcp_win.dll
0x00007ffcc8970000 - 0x00007ffcc8a68000 	C:\WINDOWS\System32\ucrtbase.dll
0x00007ffcbc900000 - 0x00007ffcbcb69000 	C:\WINDOWS\WinSxS\amd64_microsoft.windows.common-controls_6595b64144ccf1df_6.0.17134.885_none_fb42a3473065565f\COMCTL32.dll
0x00007ffcc9d60000 - 0x00007ffcca082000 	C:\WINDOWS\System32\combase.dll
0x00007ffcc9000000 - 0x00007ffcc9079000 	C:\WINDOWS\System32\bcryptPrimitives.dll
0x00007ffcc9920000 - 0x00007ffcc994d000 	C:\WINDOWS\System32\IMM32.DLL
0x000000005f630000 - 0x000000005f701000 	C:\Program Files\Java\jre1.8.0_201\bin\msvcr100.dll
0x000000005f7f0000 - 0x0000000060094000 	C:\Program Files\Java\jre1.8.0_201\bin\server\jvm.dll
0x00007ffcc93c0000 - 0x00007ffcc93c8000 	C:\WINDOWS\System32\PSAPI.DLL
0x00007ffcb68a0000 - 0x00007ffcb68a9000 	C:\WINDOWS\SYSTEM32\WSOCK32.dll
0x00007ffcbb5a0000 - 0x00007ffcbb5c3000 	C:\WINDOWS\SYSTEM32\WINMM.dll
0x00007ffcc96c0000 - 0x00007ffcc972c000 	C:\WINDOWS\System32\WS2_32.dll
0x00007ffcc48f0000 - 0x00007ffcc48fa000 	C:\WINDOWS\SYSTEM32\VERSION.dll
0x00007ffcbb510000 - 0x00007ffcbb53a000 	C:\WINDOWS\SYSTEM32\WINMMBASE.dll
0x00007ffcc8210000 - 0x00007ffcc8259000 	C:\WINDOWS\System32\cfgmgr32.dll
0x00007ffcb32d0000 - 0x00007ffcb32df000 	C:\Program Files\Java\jre1.8.0_201\bin\verify.dll
0x00007ffcb32a0000 - 0x00007ffcb32c9000 	C:\Program Files\Java\jre1.8.0_201\bin\java.dll
0x00007ffcb3280000 - 0x00007ffcb3296000 	C:\Program Files\Java\jre1.8.0_201\bin\zip.dll
0x00007ffcca090000 - 0x00007ffccb4d0000 	C:\WINDOWS\System32\SHELL32.dll
0x00007ffccb5c0000 - 0x00007ffccb669000 	C:\WINDOWS\System32\shcore.dll
0x00007ffcc8260000 - 0x00007ffcc896d000 	C:\WINDOWS\System32\windows.storage.dll
0x00007ffcc9950000 - 0x00007ffcc99a1000 	C:\WINDOWS\System32\shlwapi.dll
0x00007ffcc81c0000 - 0x00007ffcc81d1000 	C:\WINDOWS\System32\kernel.appcore.dll
0x00007ffcc81a0000 - 0x00007ffcc81bf000 	C:\WINDOWS\System32\profapi.dll
0x00007ffcc8150000 - 0x00007ffcc819c000 	C:\WINDOWS\System32\powrprof.dll
0x00007ffcc81e0000 - 0x00007ffcc81ea000 	C:\WINDOWS\System32\FLTLIB.DLL
0x00007ffc8f6c0000 - 0x00007ffc8f859000 	C:\Program Files\Java\jre1.8.0_201\bin\awt.dll
0x00007ffcc9850000 - 0x00007ffcc9912000 	C:\WINDOWS\System32\OLEAUT32.dll
0x00007ffcc6120000 - 0x00007ffcc61ab000 	C:\WINDOWS\SYSTEM32\apphelp.dll

VM Arguments:
jvm_args: -Dfile.encoding=Cp1252 
java_command: Calculator
java_class_path (initial): F:\SOFTWARE\eclipse\Calculator\bin
Launcher Type: SUN_STANDARD

Environment Variables:
JAVA_HOME=C:\Program Files\Java\jre1.8.0_201\bin
PATH=C:/Program Files/Java/jre1.8.0_201/bin/server;C:/Program Files/Java/jre1.8.0_201/bin;C:/Program Files/Java/jre1.8.0_201/lib/amd64;C:\Program Files (x86)\Common Files\Oracle\Java\javapath;C:\Windows\system32;C:\Windows;C:\Windows\System32\Wbem;C:\Windows\System32\WindowsPowerShell\v1.0\;C:\Program Files (x86)\NVIDIA Corporation\PhysX\Common;C:\Program Files (x86)\GtkSharp\2.12\bin;C:\WINDOWS\system32;C:\WINDOWS;C:\WINDOWS\System32\Wbem;C:\WINDOWS\System32\WindowsPowerShell\v1.0\;C:\WINDOWS\System32\OpenSSH\;F:\SOFTWARE\Microsoft VS Code\bin;F:\SOFTWARE\Microsoft VS Code\Git\cmd;C:\Python27;C:\Program Files\Java\jdk1.8.0_201\bin;C:\Program Files\Java\jdk1.8.0_201\bin;C:\Program Files\MySQL\MySQL Shell 8.0\bin\;F:\SOFTWARE\eclipse;
USERNAME=lenovo
OS=Windows_NT
PROCESSOR_IDENTIFIER=Intel64 Family 6 Model 142 Stepping 9, GenuineIntel



---------------  S Y S T E M  ---------------

OS: Windows 10.0 , 64 bit Build 17134 (10.0.17134.753)

CPU:total 4 (initial active 4) (2 cores per cpu, 2 threads per core) family 6 model 142 stepping 9, cmov, cx8, fxsr, mmx, sse, sse2, sse3, ssse3, sse4.1, sse4.2, popcnt, avx, avx2, aes, clmul, erms, 3dnowpref, lzcnt, ht, tsc, tscinvbit, bmi1, bmi2, adx

Memory: 4k page, physical 8260324k(2492940k free), swap 27281828k(3420k free)

vm_info: Java HotSpot(TM) 64-Bit Server VM (25.201-b09) for windows-amd64 JRE (1.8.0_201-b09), built on Dec 15 2018 18:36:39 by "java_re" with MS VC++ 10.0 (VS2010)

time: Fri Jul 19 14:10:36 2019
timezone: India Standard Time
elapsed time: 0 seconds (0d 0h 0m 0s)

